[INFO] Scanning for projects...
[INFO] 
[INFO] ---------------------< com.opencode:facturas-ocr >----------------------
[INFO] Building facturas-ocr 0.0.1-SNAPSHOT
[INFO]   from pom.xml
[INFO] --------------------------------[ jar ]---------------------------------
[INFO] 
[INFO] >>> spring-boot:3.3.5:run (default-cli) > test-compile @ facturas-ocr >>>
[INFO] 
[INFO] --- resources:3.3.1:resources (default-resources) @ facturas-ocr ---
[INFO] Copying 1 resource from src\main\resources to target\classes
[INFO] Copying 4 resources from src\main\resources to target\classes
[INFO] 
[INFO] --- compiler:3.13.0:compile (default-compile) @ facturas-ocr ---
[INFO] Nothing to compile - all classes are up to date.
[INFO] 
[INFO] --- resources:3.3.1:testResources (default-testResources) @ facturas-ocr ---
[INFO] skip non existing resourceDirectory C:\Users\juare\Documents\Proyectos Opencode\App Extraccion datos factura\src\test\resources
[INFO] 
[INFO] --- compiler:3.13.0:testCompile (default-testCompile) @ facturas-ocr ---
[INFO] Nothing to compile - all classes are up to date.
[INFO] 
[INFO] <<< spring-boot:3.3.5:run (default-cli) < test-compile @ facturas-ocr <<<
[INFO] 
[INFO] 
[INFO] --- spring-boot:3.3.5:run (default-cli) @ facturas-ocr ---
[INFO] Attaching agents: []
Standard Commons Logging discovery in action with spring-jcl: please remove commons-logging.jar from classpath in order to avoid potential conflicts

  .   ____          _            __ _ _
 /\\ / ___'_ __ _ _(_)_ __  __ _ \ \ \ \
( ( )\___ | '_ | '_| | '_ \/ _` | \ \ \ \
 \\/  ___)| |_)| | | | | || (_| |  ) ) ) )
  '  |____| .__|_| |_|_| |_\__, | / / / /
 =========|_|==============|___/=/_/_/_/

 :: Spring Boot ::                (v3.3.5)

2026-06-06T18:02:38.366-03:00  INFO 5128 --- [           main] c.o.facturas.FacturasOcrApplication      : Starting FacturasOcrApplication using Java 17.0.12 with PID 5128 (C:\Users\juare\Documents\Proyectos Opencode\App Extraccion datos factura\target\classes started by juare in C:\Users\juare\Documents\Proyectos Opencode\App Extraccion datos factura)
2026-06-06T18:02:38.371-03:00  INFO 5128 --- [           main] c.o.facturas.FacturasOcrApplication      : No active profile set, falling back to 1 default profile: "default"
2026-06-06T18:02:39.578-03:00  INFO 5128 --- [           main] o.s.b.w.embedded.tomcat.TomcatWebServer  : Tomcat initialized with port 8080 (http)
2026-06-06T18:02:39.590-03:00  INFO 5128 --- [           main] o.apache.catalina.core.StandardService   : Starting service [Tomcat]
2026-06-06T18:02:39.590-03:00  INFO 5128 --- [           main] o.apache.catalina.core.StandardEngine    : Starting Servlet engine: [Apache Tomcat/10.1.31]
2026-06-06T18:02:39.662-03:00  INFO 5128 --- [           main] o.a.c.c.C.[Tomcat].[localhost].[/]       : Initializing Spring embedded WebApplicationContext
2026-06-06T18:02:39.662-03:00  INFO 5128 --- [           main] w.s.c.ServletWebServerApplicationContext : Root WebApplicationContext: initialization completed in 1246 ms
Standard Commons Logging discovery in action with spring-jcl: please remove commons-logging.jar from classpath in order to avoid potential conflicts
2026-06-06T18:02:39.900-03:00  INFO 5128 --- [           main] o.s.b.a.w.s.WelcomePageHandlerMapping    : Adding welcome page: class path resource [static/index.html]
2026-06-06T18:02:40.126-03:00  INFO 5128 --- [           main] o.s.b.w.embedded.tomcat.TomcatWebServer  : Tomcat started on port 8080 (http) with context path '/'
2026-06-06T18:02:40.134-03:00  INFO 5128 --- [           main] c.o.facturas.FacturasOcrApplication      : Started FacturasOcrApplication in 2.183 seconds (process running for 2.585)
2026-06-06T18:03:21.787-03:00  INFO 5128 --- [nio-8080-exec-2] o.a.c.c.C.[Tomcat].[localhost].[/]       : Initializing Spring DispatcherServlet 'dispatcherServlet'
2026-06-06T18:03:21.787-03:00  INFO 5128 --- [nio-8080-exec-2] o.s.web.servlet.DispatcherServlet        : Initializing Servlet 'dispatcherServlet'
2026-06-06T18:03:21.787-03:00  INFO 5128 --- [nio-8080-exec-2] o.s.web.servlet.DispatcherServlet        : Completed initialization in 0 ms
